TN:
SF:lib/config/dependencies.dart
FNF:0
FNH:0
DA:14,3
DA:16,1
DA:17,1
DA:18,1
DA:19,1
DA:22,1
DA:23,2
DA:24,3
DA:25,3
DA:26,1
DA:28,2
DA:30,2
DA:33,1
DA:34,2
DA:37,1
DA:38,2
LF:16
LH:16
end_of_record
TN:
SF:lib/data/model/categoria_iten.g.dart
FNF:0
FNH:0
DA:9,3
DA:10,3
DA:11,3
DA:12,3
DA:15,1
DA:16,1
DA:17,1
DA:18,1
LF:8
LH:8
end_of_record
TN:
SF:lib/data/model/data.g.dart
FNF:0
FNH:0
DA:9,6
DA:10,6
DA:11,6
DA:12,6
DA:13,6
DA:14,6
DA:15,6
DA:16,3
DA:17,7
DA:18,3
DA:21,1
DA:22,1
DA:23,1
DA:24,1
DA:25,1
DA:26,1
DA:27,1
DA:28,1
DA:29,1
LF:19
LH:19
end_of_record
TN:
SF:lib/data/model/desconto.g.dart
FNF:0
FNH:0
DA:9,3
DA:10,3
DA:11,6
DA:14,1
DA:15,1
DA:16,1
LF:6
LH:6
end_of_record
TN:
SF:lib/data/model/event.g.dart
FNF:0
FNH:0
DA:9,6
DA:10,3
DA:11,3
DA:13,4
DA:14,3
DA:17,1
DA:18,1
DA:19,1
DA:20,1
DA:21,1
LF:10
LH:10
end_of_record
TN:
SF:lib/data/model/iten.g.dart
FNF:0
FNH:0
DA:9,6
DA:10,3
DA:13,1
DA:14,1
DA:15,1
LF:5
LH:5
end_of_record
TN:
SF:lib/data/model/motei.g.dart
FNF:0
FNH:0
DA:9,6
DA:10,3
DA:11,3
DA:12,3
DA:13,6
DA:14,6
DA:15,3
DA:16,7
DA:17,3
DA:18,6
DA:19,6
DA:22,1
DA:23,1
DA:24,1
DA:25,1
DA:26,1
DA:27,1
DA:28,1
DA:29,1
DA:30,1
DA:31,1
LF:21
LH:21
end_of_record
TN:
SF:lib/data/model/periodo.g.dart
FNF:0
FNH:0
DA:9,3
DA:10,3
DA:11,3
DA:12,3
DA:13,6
DA:14,6
DA:15,3
DA:16,3
DA:18,4
DA:21,1
DA:22,1
DA:23,1
DA:24,1
DA:25,1
DA:26,1
DA:27,1
DA:28,1
LF:17
LH:17
end_of_record
TN:
SF:lib/data/model/suite.g.dart
FNF:0
FNH:0
DA:9,6
DA:10,3
DA:11,6
DA:12,3
DA:13,11
DA:14,3
DA:15,7
DA:16,3
DA:17,3
DA:18,7
DA:19,3
DA:20,3
DA:21,7
DA:22,3
DA:25,1
DA:26,1
DA:27,1
DA:28,1
DA:29,1
DA:30,1
DA:31,1
DA:32,1
DA:33,1
LF:23
LH:23
end_of_record
TN:
SF:lib/data/repositories/hotels_repository_impl.dart
FNF:0
FNH:0
DA:13,2
DA:15,2
DA:18,4
DA:19,4
DA:20,2
DA:21,4
DA:22,2
DA:23,2
DA:24,2
LF:9
LH:9
end_of_record
TN:
SF:lib/data/services/api/dio_http_client_impl.dart
FNF:0
FNH:0
DA:8,3
DA:10,3
DA:12,6
DA:15,1
DA:17,2
DA:20,1
DA:22,2
DA:25,1
DA:27,2
LF:9
LH:9
end_of_record
TN:
SF:lib/data/services/api/interceptor/error_interceptor.dart
FNF:0
FNH:0
DA:25,1
DA:27,1
DA:28,2
DA:30,2
DA:31,4
DA:32,1
DA:33,5
DA:35,5
DA:37,3
DA:38,5
DA:41,1
LF:11
LH:11
end_of_record
TN:
SF:lib/data/services/api/interceptor/logging_interceptor.dart
FNF:0
FNH:0
DA:5,1
DA:7,4
DA:8,1
DA:11,1
DA:13,4
DA:14,1
DA:17,1
DA:19,4
DA:20,1
LF:9
LH:9
end_of_record
TN:
SF:lib/data/services/api/ssl/ssl_manager.dart
FNF:0
FNH:0
DA:8,1
DA:9,2
DA:10,0
DA:11,0
DA:12,0
DA:14,0
LF:6
LH:2
end_of_record
TN:
SF:lib/domain/entity/categoria_iten.dart
FNF:0
FNH:0
DA:14,3
DA:15,3
LF:2
LH:2
end_of_record
TN:
SF:lib/domain/entity/data.dart
FNF:0
FNH:0
DA:21,6
LF:1
LH:1
end_of_record
TN:
SF:lib/domain/entity/desconto.dart
FNF:0
FNH:0
DA:12,6
LF:1
LH:1
end_of_record
TN:
SF:lib/domain/entity/event.dart
FNF:0
FNH:0
DA:16,6
LF:1
LH:1
end_of_record
TN:
SF:lib/domain/entity/iten.dart
FNF:0
FNH:0
DA:12,6
LF:1
LH:1
end_of_record
TN:
SF:lib/domain/entity/motei.dart
FNF:0
FNH:0
DA:22,6
LF:1
LH:1
end_of_record
TN:
SF:lib/domain/entity/periodo.dart
FNF:0
FNH:0
DA:19,6
LF:1
LH:1
end_of_record
TN:
SF:lib/domain/entity/suite.dart
FNF:0
FNH:0
DA:22,6
LF:1
LH:1
end_of_record
TN:
SF:lib/domain/use_case/get_hotels_use_case.dart
FNF:0
FNH:0
DA:10,1
DA:12,1
DA:14,2
LF:3
LH:3
end_of_record
TN:
SF:lib/ui/hotels/bloc/hotels_bloc.dart
FNF:0
FNH:0
DA:12,3
DA:13,2
DA:16,1
DA:20,2
DA:22,2
DA:25,1
DA:26,3
DA:27,1
DA:28,4
LF:9
LH:9
end_of_record
TN:
SF:lib/ui/hotels/bloc/hotels_event.dart
FNF:0
FNH:0
DA:2,1
LF:1
LH:1
end_of_record
TN:
SF:lib/ui/hotels/bloc/hotels_state.dart
FNF:0
FNH:0
DA:6,1
DA:8,1
DA:9,1
DA:19,1
DA:21,1
DA:22,2
DA:28,1
DA:30,1
DA:31,2
LF:9
LH:9
end_of_record
TN:
SF:lib/utils/currency_formatter.dart
FNF:0
FNH:0
DA:4,0
DA:5,0
DA:13,0
LF:3
LH:0
end_of_record
TN:
SF:lib/utils/exception.dart
FNF:0
FNH:0
DA:4,1
LF:1
LH:1
end_of_record
TN:
SF:lib/utils/result.dart
FNF:0
FNH:0
DA:2,4
DA:13,4
DA:18,1
DA:19,2
DA:24,4
DA:29,1
DA:30,2
LF:7
LH:7
end_of_record
